('function', -1)
('id', (1, 0))
('(', -1)
('id', (9, 0))
(':', -1)
('number', -1)
(',', -1)
('id', (4, 0))
(':', -1)
('number', -1)
(')', -1)
('{', -1)
('id', (5, 0))
('id', (0, 0))
('=', -1)
('id', (9, 0))
('id', (3, 0))
('(', -1)
('id', (9, 0))
('%', -1)
('id', (0, 0))
('!=', -1)
('integer', (4, 0))
('||', -1)
('id', (4, 0))
('%', -1)
('id', (0, 0))
('!=', -1)
('integer', (4, 0))
(')', -1)
('{', -1)
('id', (0, 0))
('=', -1)
('id', (0, 0))
('-', -1)
('integer', (1, 0))
('}', -1)
('return', -1)
('id', (0, 0))
('}', -1)
